
==============
20230220065537
==============
untracked file, adding: _posts/2023-02-20-moonshine-061.md


==============
20230220212911
==============
untracked file, adding: .zettel-notes/patches/803/47a0243b-8ff8-4858-bcd2-a01857c34e56.diff
untracked file, adding: .zettel-notes/patches/805/16d91e9f-d4f7-4dff-aa19-49242cec9fd3.diff
untracked file, adding: .zettel-notes/patches/210/a32b284e-5864-44c4-b034-a5533d64fa66.diff
untracked file, adding: .zettel-notes/patches/630/9cd1c2a1-2a21-43a1-aaf7-e14e24d0b96b.diff
untracked file, adding: .zettel-notes/patches/595/462c06e2-4b8f-4b07-a973-81e9d6215c8a.diff
untracked file, adding: .zettel-notes/patches/803/aac5ad84-f3e4-4baf-a01b-f537be2eff9d.diff
untracked file, adding: .zettel-notes/patches/653/975fd356-f8c8-4575-af82-062092ec002e.diff
untracked file, adding: .zettel-notes/patches/803/6c02e0cb-fa8e-413c-a7d0-4a145b32bf97.diff
untracked file, adding: .zettel-notes/patches/803/db045fac-a733-486e-aa00-12d398328738.diff
untracked file, adding: .zettel-notes/patches/79/f486befd-5654-400a-aef8-b9a5daf5506a.diff
untracked file, adding: .zettel-notes/patches/264/1dbc97ad-d164-45f9-9523-c07a03298458.diff
untracked file, adding: .zettel-notes/patches/803/abcd6cbc-0a4c-46fe-9474-94696e28b978.diff
untracked file, adding: .zettel-notes/patches/803/5ca39dbd-db94-4426-ab7b-5388920b12dd.diff
untracked file, adding: .zettel-notes/patches/345/4896456b-7ef7-4c5b-a259-52b4b97a6f59.diff
untracked file, adding: .zettel-notes/patches/451/5406d952-2123-48c8-ad79-b91a40738e41.diff
untracked file, adding: .zettel-notes/patches/653/ecdfdafa-aba0-478b-bb39-01931773f483.diff
untracked file, adding: .zettel-notes/patches/187/b46f3a05-2c92-47d7-a9ed-73030607e245.diff
untracked file, adding: .zettel-notes/patches/209/e7f5dcba-ac1e-43fb-98cc-9c5ba9cae67c.diff
untracked file, adding: .zettel-notes/patches/803/6f7b50d3-4ea1-46bc-b1d6-a5b92bbc4672.diff
untracked file, adding: .zettel-notes/patches/653/0ae86097-0c58-4cae-848f-28de75aa23de.diff
untracked file, adding: .zettel-notes/patches/653/616e2ee7-866e-4205-ab3d-0abcd7e0d91e.diff
untracked file, adding: .zettel-notes/patches/181/e713ecbb-db7b-4e61-a856-97092396ff66.diff
untracked file, adding: .zettel-notes/patches/635/ee7c3f22-a4cb-419b-aef1-9586965f9022.diff
untracked file, adding: .zettel-notes/patches/648/2e5b99df-e42a-4bc6-835c-ab1c9a065adb.diff
untracked file, adding: .zettel-notes/patches/648/ed0d9255-68d8-4367-bd96-71d607395e8e.diff
untracked file, adding: .zettel-notes/patches/570/0bfaa573-fef5-4505-8c76-45f41d0746bd.diff
untracked file, adding: .zettel-notes/patches/647/abd258fb-6500-4ad2-a3f4-e7257cff2bb5.diff
untracked file, adding: .zettel-notes/patches/803/3aba62bd-b09e-4630-8fff-8b7daaad2549.diff
untracked file, adding: .zettel-notes/patches/313/972e0f45-b2a5-4b53-84d9-d28b23b531c4.diff
untracked file, adding: .zettel-notes/patches/321/99ff9a0d-25ab-41dd-8f96-8f19292570ac.diff
untracked file, adding: .zettel-notes/patches/332/d07bdc3c-5493-44a3-88f5-e7e648e952be.diff
untracked file, adding: .zettel-notes/patches/262/1b1e49c8-140d-4e07-aa19-2322dd1cc0c4.diff
untracked file, adding: .zettel-notes/patches/627/5ad6e42a-9e78-4dbf-8c56-61d16e6cb0b8.diff
untracked file, adding: .zettel-notes/patches/286/c9b760e1-2623-4e57-98e1-778aa2b8670d.diff
untracked file, adding: .zettel-notes/patches/643/a711506c-bc98-4925-bddc-12d4807c9383.diff
untracked file, adding: .zettel-notes/patches/366/2279fbc7-e2f1-4563-b500-ed94aa6abbdc.diff
untracked file, adding: .zettel-notes/patches/140/cf034ad5-dcde-4644-9770-31a2355d2382.diff
untracked file, adding: .zettel-notes/patches/805/8c07afc6-ea95-4a5f-a537-63f519d1bd12.diff
untracked file, adding: .zettel-notes/logs/sync/2023-02-16.log
untracked file, adding: .zettel-notes/patches/349/272fe954-a3d0-4fad-878f-824e805bfa50.diff
untracked file, adding: .zettel-notes/patches/482/44575d46-3f3c-4b80-915c-c1bb7ebdf460.diff
untracked file, adding: .zettel-notes/patches/704/c8c1d489-bbf1-4a33-a1e8-c5cb8a44124f.diff
untracked file, adding: .zettel-notes/logs/sync/2023-02-20.log
untracked file, adding: .zettel-notes/patches/231/21b9fc57-6a56-4e4f-8036-7958e31ea7cf.diff
untracked file, adding: .zettel-notes/patches/199/97f25089-8486-417b-8419-c8fc217bc1c5.diff
untracked file, adding: .zettel-notes/patches/565/6f91b4cf-1a69-4685-956a-41da71934677.diff
untracked file, adding: .zettel-notes/patches/551/0ab6fb46-d302-475c-8eef-4c091b0d1884.diff
untracked file, adding: .zettel-notes/patches/253/e562d86d-b4d2-4589-99f4-06ffee13e9e9.diff
untracked file, adding: .zettel-notes/patches/282/d8608e1b-48e3-4316-bfad-34210a5359de.diff
untracked file, adding: .zettel-notes/patches/124/eeef30d5-ea79-453d-9729-ec8088892a03.diff
untracked file, adding: .zettel-notes/patches/803/d741948b-2d22-418d-b2fc-539088832069.diff
untracked file, adding: .zettel-notes/patches/129/29f856bf-9245-43b7-a7d9-d93244cb2572.diff
untracked file, adding: .zettel-notes/patches/653/edbd119c-e4cc-4c6f-a20e-976248a9ffc7.diff
untracked file, adding: .zettel-notes/patches/310/339fc010-5519-42a1-9153-2f73c8bcc856.diff
untracked file, adding: .zettel-notes/patches/618/4dd29c6a-dd91-4d91-8b69-d5d8b495abda.diff
untracked file, adding: .zettel-notes/patches/100/2e538f92-b00b-4384-93a1-7f40af03f5b7.diff
untracked file, adding: .zettel-notes/patches/655/86753daa-4016-4dbf-848f-5988ae383cb5.diff
untracked file, adding: .zettel-notes/patches/174/e51b0233-7998-4db9-a18e-421e6f1b75d9.diff
untracked file, adding: .zettel-notes/patches/132/1f8591c5-96f0-483f-9339-5cd3c5335f4a.diff
untracked file, adding: .zettel-notes/patches/254/df34ba5e-5832-44a4-97b5-b9c5eb543b07.diff
untracked file, adding: .zettel-notes/patches/207/e0820775-9af0-4799-b0dc-364fe9bad070.diff
untracked file, adding: .zettel-notes/patches/805/6cc5f5f6-ca15-4427-a274-85b6ef71a84c.diff
untracked file, adding: .zettel-notes/patches/121/5e40a7d7-92c7-4401-8d4a-eefb0372c0d5.diff
untracked file, adding: .zettel-notes/patches/552/70baa6cb-6198-4aff-86e0-b757307e0c63.diff
untracked file, adding: .zettel-notes/patches/803/489ccafe-ae40-418d-8afc-c72f395d7763.diff
untracked file, adding: .zettel-notes/patches/664/f980ded2-c616-4b8f-a2da-7efbc299065c.diff
untracked file, adding: .zettel-notes/patches/803/8a06d9c8-85ae-4947-9ea1-0cd3e60d575c.diff
untracked file, adding: .zettel-notes/patches/803/bbf9ec61-a84e-460d-ba3d-7db4be104f0d.diff
untracked file, adding: .zettel-notes/patches/564/f92b71b8-4cd1-4885-b5a2-681f8eb61e3a.diff
untracked file, adding: .zettel-notes/patches/589/a7c32599-bfe2-40f9-a9c1-05bce4143250.diff
untracked file, adding: .zettel-notes/patches/612/4c447333-ff89-4779-b0de-798ade8d394b.diff
untracked file, adding: .zettel-notes/patches/159/8a9a0c7b-46f1-4557-8e43-571d5b03b5f4.diff
untracked file, adding: .zettel-notes/patches/160/92e91aa9-f895-4f1d-8426-a72c9aaa8327.diff
untracked file, adding: .zettel-notes/patches/568/34153d3e-3c2f-454f-9f06-06c725bab782.diff
untracked file, adding: .zettel-notes/patches/115/3eebf6da-44a2-47ec-9293-f88f45562a5f.diff
untracked file, adding: .zettel-notes/patches/693/106f90a9-a604-419c-a843-9c7a1ee91257.diff
untracked file, adding: .zettel-notes/patches/33/ff6cab05-6f0c-4ab5-a910-3cc40cc35cde.diff
untracked file, adding: .zettel-notes/patches/653/f67596d7-6495-451e-8f18-821ae5099ae4.diff
untracked file, adding: .zettel-notes/patches/805/b7b4a204-4f81-446a-9fb3-d16c1e54cbf0.diff

